<?xml version="1.0" encoding="UTF-8"?>
<testng-results ignored="0" total="1" passed="1" failed="0" skipped="0">
  <reporter-output>
  </reporter-output>
  <suite started-at="2024-07-13T17:21:22 CEST" name="Default suite" finished-at="2024-07-13T17:21:27 CEST" duration-ms="4700">
    <groups>
    </groups>
    <test started-at="2024-07-13T17:21:22 CEST" name="Default test" finished-at="2024-07-13T17:21:27 CEST" duration-ms="4700">
      <class name="com.automationScript.LoginScript">
        <test-method is-config="true" signature="setup()[pri:0, instance:com.automationScript.LoginScript@534a5a98]" started-at="2024-07-13T17:21:22 CEST" name="setup" finished-at="2024-07-13T17:21:24 CEST" duration-ms="1958" status="PASS">
          <reporter-output>
          </reporter-output>
        </test-method> <!-- setup -->
        <test-method signature="loginTest()[pri:0, instance:com.automationScript.LoginScript@534a5a98]" started-at="2024-07-13T17:21:24 CEST" name="loginTest" finished-at="2024-07-13T17:21:27 CEST" duration-ms="2562" status="PASS">
          <reporter-output>
          </reporter-output>
        </test-method> <!-- loginTest -->
        <test-method is-config="true" signature="quiteBrowser()[pri:0, instance:com.automationScript.LoginScript@534a5a98]" started-at="2024-07-13T17:21:27 CEST" name="quiteBrowser" finished-at="2024-07-13T17:21:27 CEST" duration-ms="147" status="PASS">
          <reporter-output>
          </reporter-output>
        </test-method> <!-- quiteBrowser -->
      </class> <!-- com.automationScript.LoginScript -->
    </test> <!-- Default test -->
  </suite> <!-- Default suite -->
</testng-results>
